current directory: /vagrant/hobbies_library/vender/bundle/ruby/2.5.0/gems/puma-3.12.1/ext/puma_http11
/usr/bin/ruby2.5 -r ./siteconf20190713-4943-1h5xw57.rb extconf.rb
checking for BIO_read() in -lcrypto... no
checking for BIO_read() in -llibeay32... no
creating Makefile

current directory: /vagrant/hobbies_library/vender/bundle/ruby/2.5.0/gems/puma-3.12.1/ext/puma_http11
make "DESTDIR=" clean
make: Warning: File 'Makefile' has modification time 0.51 s in the future
make: warning:  Clock skew detected.  Your build may be incomplete.

current directory: /vagrant/hobbies_library/vender/bundle/ruby/2.5.0/gems/puma-3.12.1/ext/puma_http11
make "DESTDIR="
make: Warning: File 'Makefile' has modification time 0.47 s in the future
compiling http11_parser.c
compiling io_buffer.c
compiling mini_ssl.c
compiling puma_http11.c
linking shared-object puma/puma_http11.so
make: warning:  Clock skew detected.  Your build may be incomplete.

current directory: /vagrant/hobbies_library/vender/bundle/ruby/2.5.0/gems/puma-3.12.1/ext/puma_http11
make "DESTDIR=" install
make: Warning: File 'puma_http11.so' has modification time 0.52 s in the future
/usr/bin/install -c -m 0755 puma_http11.so ./.gem.20190713-4943-13d689h/puma
make: warning:  Clock skew detected.  Your build may be incomplete.
