current directory: /vagrant/hobbies_library/vender/bundle/ruby/2.5.0/gems/byebug-11.0.1/ext/byebug
/usr/bin/ruby2.5 -r ./siteconf20190713-4943-1ug0p5s.rb extconf.rb
creating Makefile

current directory: /vagrant/hobbies_library/vender/bundle/ruby/2.5.0/gems/byebug-11.0.1/ext/byebug
make "DESTDIR=" clean
make: Warning: File 'Makefile' has modification time 0.4 s in the future
make: warning:  Clock skew detected.  Your build may be incomplete.

current directory: /vagrant/hobbies_library/vender/bundle/ruby/2.5.0/gems/byebug-11.0.1/ext/byebug
make "DESTDIR="
make: Warning: File 'Makefile' has modification time 0.36 s in the future
compiling breakpoint.c
compiling byebug.c
compiling context.c
compiling locker.c
compiling threads.c
linking shared-object byebug/byebug.so
make: warning:  Clock skew detected.  Your build may be incomplete.

current directory: /vagrant/hobbies_library/vender/bundle/ruby/2.5.0/gems/byebug-11.0.1/ext/byebug
make "DESTDIR=" install
make: Warning: File 'byebug.so' has modification time 0.4 s in the future
/usr/bin/install -c -m 0755 byebug.so ./.gem.20190713-4943-1mbfyib/byebug
make: warning:  Clock skew detected.  Your build may be incomplete.
