current directory: /vagrant/hobbies_library/vender/bundle/ruby/2.5.0/gems/bcrypt-3.1.13/ext/mri
/usr/bin/ruby2.5 -r ./siteconf20190713-4943-16e0u9d.rb extconf.rb
creating Makefile

current directory: /vagrant/hobbies_library/vender/bundle/ruby/2.5.0/gems/bcrypt-3.1.13/ext/mri
make "DESTDIR=" clean
make: Warning: File 'Makefile' has modification time 0.14 s in the future
make: warning:  Clock skew detected.  Your build may be incomplete.

current directory: /vagrant/hobbies_library/vender/bundle/ruby/2.5.0/gems/bcrypt-3.1.13/ext/mri
make "DESTDIR="
make: Warning: File 'Makefile' has modification time 0.1 s in the future
compiling bcrypt_ext.c
compiling crypt_blowfish.c
compiling crypt_gensalt.c
compiling wrapper.c
gcc  -D__SKIP_GNU -Wdate-time -D_FORTIFY_SOURCE=2    -c -o x86.o x86.S
linking shared-object bcrypt_ext.so
make: warning:  Clock skew detected.  Your build may be incomplete.

current directory: /vagrant/hobbies_library/vender/bundle/ruby/2.5.0/gems/bcrypt-3.1.13/ext/mri
make "DESTDIR=" install
make: Warning: File 'bcrypt_ext.so' has modification time 0.13 s in the future
/usr/bin/install -c -m 0755 bcrypt_ext.so ./.gem.20190713-4943-1cujvrr
make: warning:  Clock skew detected.  Your build may be incomplete.
